2022-03-04 18:47:28,175 INFO o.a.j.u.JMeterUtils: Setting Locale to en_EN
2022-03-04 18:47:28,208 INFO o.a.j.JMeter: Loading user properties from: C:\Program Files\Apache JMeter 5.4.3\bin\user.properties
2022-03-04 18:47:28,208 INFO o.a.j.JMeter: Loading system properties from: C:\Program Files\Apache JMeter 5.4.3\bin\system.properties
2022-03-04 18:47:28,224 INFO o.a.j.JMeter: Copyright (c) 1998-2021 The Apache Software Foundation
2022-03-04 18:47:28,224 INFO o.a.j.JMeter: Version 5.4.3
2022-03-04 18:47:28,224 INFO o.a.j.JMeter: java.version=1.8.0_271
2022-03-04 18:47:28,224 INFO o.a.j.JMeter: java.vm.name=Java HotSpot(TM) Client VM
2022-03-04 18:47:28,224 INFO o.a.j.JMeter: os.name=Windows 10
2022-03-04 18:47:28,224 INFO o.a.j.JMeter: os.arch=x86
2022-03-04 18:47:28,224 INFO o.a.j.JMeter: os.version=10.0
2022-03-04 18:47:28,224 INFO o.a.j.JMeter: file.encoding=Cp1252
2022-03-04 18:47:28,224 INFO o.a.j.JMeter: java.awt.headless=null
2022-03-04 18:47:28,224 INFO o.a.j.JMeter: Max memory     =1073741824
2022-03-04 18:47:28,224 INFO o.a.j.JMeter: Available Processors =8
2022-03-04 18:47:28,224 INFO o.a.j.JMeter: Default Locale=English (EN)
2022-03-04 18:47:28,224 INFO o.a.j.JMeter: JMeter  Locale=English (EN)
2022-03-04 18:47:28,224 INFO o.a.j.JMeter: JMeterHome=C:\Program Files\Apache JMeter 5.4.3
2022-03-04 18:47:28,224 INFO o.a.j.JMeter: user.dir  =C:\Users\felip\Documents\courses\ebac_teste_de_software\Projeto Final\TCC-EBAC
2022-03-04 18:47:28,224 INFO o.a.j.JMeter: PWD       =C:\Users\felip\Documents\courses\ebac_teste_de_software\Projeto Final\TCC-EBAC
2022-03-04 18:47:28,240 INFO o.a.j.JMeter: IP: 192.168.0.102 Name: Felipe-Dantas FullName: host.docker.internal
2022-03-04 18:47:28,377 INFO o.a.j.JMeter: Setting LAF to: com.github.weisj.darklaf.DarkLaf:com.github.weisj.darklaf.theme.DarculaTheme
2022-03-04 18:47:29,161 INFO o.a.j.JMeter: Loaded icon properties from org/apache/jmeter/images/icon.properties
2022-03-04 18:47:30,372 WARN o.j.r.PluginManagerMenuCreator: Was unable to install pmgr cmdline tool
java.nio.file.AccessDeniedException: C:\Program Files\Apache JMeter 5.4.3\bin\PluginsManagerCMD.bat
	at sun.nio.fs.WindowsException.translateToIOException(Unknown Source) ~[?:1.8.0_271]
	at sun.nio.fs.WindowsException.rethrowAsIOException(Unknown Source) ~[?:1.8.0_271]
	at sun.nio.fs.WindowsException.rethrowAsIOException(Unknown Source) ~[?:1.8.0_271]
	at sun.nio.fs.WindowsFileSystemProvider.implDelete(Unknown Source) ~[?:1.8.0_271]
	at sun.nio.fs.AbstractFileSystemProvider.deleteIfExists(Unknown Source) ~[?:1.8.0_271]
	at java.nio.file.Files.deleteIfExists(Unknown Source) ~[?:1.8.0_271]
	at java.nio.file.Files.copy(Unknown Source) ~[?:1.8.0_271]
	at org.jmeterplugins.repository.PluginManagerCMDInstaller.writeOut(PluginManagerCMDInstaller.java:24) ~[jmeter-plugins-manager-1.7.jar:?]
	at org.jmeterplugins.repository.PluginManagerCMDInstaller.main(PluginManagerCMDInstaller.java:12) ~[jmeter-plugins-manager-1.7.jar:?]
	at org.jmeterplugins.repository.PluginManagerMenuCreator.getMenuItemsAtLocation(PluginManagerMenuCreator.java:16) [jmeter-plugins-manager-1.7.jar:?]
	at org.apache.jmeter.gui.util.JMeterMenuBar.addPluginsMenuItems(JMeterMenuBar.java:595) [ApacheJMeter_core.jar:5.4.3]
	at org.apache.jmeter.gui.util.JMeterMenuBar.makeOptionsMenu(JMeterMenuBar.java:342) [ApacheJMeter_core.jar:5.4.3]
	at org.apache.jmeter.gui.util.JMeterMenuBar.createMenuBar(JMeterMenuBar.java:202) [ApacheJMeter_core.jar:5.4.3]
	at org.apache.jmeter.gui.util.JMeterMenuBar.<init>(JMeterMenuBar.java:117) [ApacheJMeter_core.jar:5.4.3]
	at org.apache.jmeter.gui.MainFrame.init(MainFrame.java:515) [ApacheJMeter_core.jar:5.4.3]
	at org.apache.jmeter.gui.MainFrame.<init>(MainFrame.java:232) [ApacheJMeter_core.jar:5.4.3]
	at org.apache.jmeter.JMeter.startGui(JMeter.java:410) [ApacheJMeter_core.jar:5.4.3]
	at org.apache.jmeter.JMeter.start(JMeter.java:560) [ApacheJMeter_core.jar:5.4.3]
	at sun.reflect.NativeMethodAccessorImpl.invoke0(Native Method) ~[?:1.8.0_271]
	at sun.reflect.NativeMethodAccessorImpl.invoke(Unknown Source) ~[?:1.8.0_271]
	at sun.reflect.DelegatingMethodAccessorImpl.invoke(Unknown Source) ~[?:1.8.0_271]
	at java.lang.reflect.Method.invoke(Unknown Source) ~[?:1.8.0_271]
	at org.apache.jmeter.NewDriver.main(NewDriver.java:254) [ApacheJMeter.jar:5.4.3]
2022-03-04 18:47:30,741 INFO o.j.r.JARSourceHTTP: Requesting https://jmeter-plugins.org/repo/?installID=windows_10-abbe8ee737f64dc7e5625bcbce83d839-gui
2022-03-04 18:47:33,441 INFO o.j.r.PluginManager: Plugins Status: [jpgc-graphs-basic=2.0, jpgc-perfmon=2.1, jpgc-plugins-manager=1.7, jmeter-core=5.4.3, jmeter-ftp=5.4.3, jmeter-http=5.4.3, jmeter-jdbc=5.4.3, jmeter-jms=5.4.3, jmeter-junit=5.4.3, jmeter-java=5.4.3, jmeter-ldap=5.4.3, jmeter-mail=5.4.3, jmeter-mongodb=5.4.3, jmeter-native=5.4.3, jmeter-tcp=5.4.3, jmeter-components=5.4.3]
2022-03-04 18:47:39,737 INFO o.a.j.s.FileServer: Default base='C:\Users\felip\Documents\courses\ebac_teste_de_software\Projeto Final\TCC-EBAC'
2022-03-04 18:47:39,737 INFO o.a.j.g.a.Load: Loading file: C:\Users\felip\Documents\courses\ebac_teste_de_software\Projeto Final\TCC-EBAC\teste-performance\Test Plan - EBACShop.jmx
2022-03-04 18:47:39,737 INFO o.a.j.s.FileServer: Set new base='C:\Users\felip\Documents\courses\ebac_teste_de_software\Projeto Final\TCC-EBAC\teste-performance'
2022-03-04 18:47:39,903 INFO o.a.j.s.SaveService: Testplan (JMX) version: 2.2. Testlog (JTL) version: 2.2
2022-03-04 18:47:39,919 INFO o.a.j.s.SaveService: Using SaveService properties file encoding UTF-8
2022-03-04 18:47:39,919 INFO o.a.j.s.SaveService: Using SaveService properties version 5.0
2022-03-04 18:47:39,919 INFO o.a.j.s.SaveService: Loading file: C:\Users\felip\Documents\courses\ebac_teste_de_software\Projeto Final\TCC-EBAC\teste-performance\Test Plan - EBACShop.jmx
2022-03-04 18:47:40,029 INFO o.a.j.p.h.s.HTTPSamplerBase: Parser for text/html is org.apache.jmeter.protocol.http.parser.LagartoBasedHtmlParser
2022-03-04 18:47:40,029 INFO o.a.j.p.h.s.HTTPSamplerBase: Parser for application/xhtml+xml is org.apache.jmeter.protocol.http.parser.LagartoBasedHtmlParser
2022-03-04 18:47:40,029 INFO o.a.j.p.h.s.HTTPSamplerBase: Parser for application/xml is org.apache.jmeter.protocol.http.parser.LagartoBasedHtmlParser
2022-03-04 18:47:40,029 INFO o.a.j.p.h.s.HTTPSamplerBase: Parser for text/xml is org.apache.jmeter.protocol.http.parser.LagartoBasedHtmlParser
2022-03-04 18:47:40,029 INFO o.a.j.p.h.s.HTTPSamplerBase: Parser for text/vnd.wap.wml is org.apache.jmeter.protocol.http.parser.RegexpHTMLParser
2022-03-04 18:47:40,029 INFO o.a.j.p.h.s.HTTPSamplerBase: Parser for text/css is org.apache.jmeter.protocol.http.parser.CssParser
2022-03-04 18:47:40,076 INFO o.a.j.s.SampleResult: Note: Sample TimeStamps are START times
2022-03-04 18:47:40,076 INFO o.a.j.s.SampleResult: sampleresult.default.encoding is set to ISO-8859-1
2022-03-04 18:47:40,076 INFO o.a.j.s.SampleResult: sampleresult.useNanoTime=true
2022-03-04 18:47:40,076 INFO o.a.j.s.SampleResult: sampleresult.nanoThreadSleep=5000
2022-03-04 18:47:40,462 INFO o.a.j.s.FileServer: Set new base='C:\Users\felip\Documents\courses\ebac_teste_de_software\Projeto Final\TCC-EBAC\teste-performance'
2022-03-04 18:49:29,920 ERROR o.a.j.g.a.Save: Failed to backup file: C:\Users\felip\Documents\courses\ebac_teste_de_software\Projeto Final\TCC-EBAC\teste-performance\Test Plan - EBACShop.jmx
java.nio.file.AccessDeniedException: C:\Users\felip\Documents\courses\ebac_teste_de_software\Projeto Final\TCC-EBAC\teste-performance\Test Plan - EBACShop.jmx -> C:\Program Files\Apache JMeter 5.4.3\backups\Test Plan - EBACShop-000001.jmx
	at sun.nio.fs.WindowsException.translateToIOException(Unknown Source) ~[?:1.8.0_271]
	at sun.nio.fs.WindowsException.rethrowAsIOException(Unknown Source) ~[?:1.8.0_271]
	at sun.nio.fs.WindowsFileCopy.copy(Unknown Source) ~[?:1.8.0_271]
	at sun.nio.fs.WindowsFileSystemProvider.copy(Unknown Source) ~[?:1.8.0_271]
	at java.nio.file.Files.copy(Unknown Source) ~[?:1.8.0_271]
	at org.apache.commons.io.FileUtils.doCopyFile(FileUtils.java:1392) ~[commons-io-2.8.0.jar:2.8.0]
	at org.apache.commons.io.FileUtils.copyFile(FileUtils.java:885) ~[commons-io-2.8.0.jar:2.8.0]
	at org.apache.commons.io.FileUtils.copyFile(FileUtils.java:835) ~[commons-io-2.8.0.jar:2.8.0]
	at org.apache.commons.io.FileUtils.copyFile(FileUtils.java:802) ~[commons-io-2.8.0.jar:2.8.0]
	at org.apache.jmeter.gui.action.Save.createBackupFile(Save.java:381) ~[ApacheJMeter_core.jar:5.4.3]
	at org.apache.jmeter.gui.action.Save.backupAndSave(Save.java:244) ~[ApacheJMeter_core.jar:5.4.3]
	at org.apache.jmeter.gui.action.Save.doAction(Save.java:173) ~[ApacheJMeter_core.jar:5.4.3]
	at org.apache.jmeter.gui.action.ActionRouter.performAction(ActionRouter.java:87) ~[ApacheJMeter_core.jar:5.4.3]
	at org.apache.jmeter.gui.action.ActionRouter.lambda$actionPerformed$0(ActionRouter.java:69) ~[ApacheJMeter_core.jar:5.4.3]
	at java.awt.event.InvocationEvent.dispatch(Unknown Source) [?:1.8.0_271]
	at java.awt.EventQueue.dispatchEventImpl(Unknown Source) [?:1.8.0_271]
	at java.awt.EventQueue.access$500(Unknown Source) [?:1.8.0_271]
	at java.awt.EventQueue$3.run(Unknown Source) [?:1.8.0_271]
	at java.awt.EventQueue$3.run(Unknown Source) [?:1.8.0_271]
	at java.security.AccessController.doPrivileged(Native Method) ~[?:1.8.0_271]
	at java.security.ProtectionDomain$JavaSecurityAccessImpl.doIntersectionPrivilege(Unknown Source) [?:1.8.0_271]
	at java.awt.EventQueue.dispatchEvent(Unknown Source) [?:1.8.0_271]
	at java.awt.EventDispatchThread.pumpOneEventForFilters(Unknown Source) [?:1.8.0_271]
	at java.awt.EventDispatchThread.pumpEventsForFilter(Unknown Source) [?:1.8.0_271]
	at java.awt.EventDispatchThread.pumpEventsForHierarchy(Unknown Source) [?:1.8.0_271]
	at java.awt.EventDispatchThread.pumpEvents(Unknown Source) [?:1.8.0_271]
	at java.awt.EventDispatchThread.pumpEvents(Unknown Source) [?:1.8.0_271]
	at java.awt.EventDispatchThread.run(Unknown Source) [?:1.8.0_271]
2022-03-04 18:49:47,451 INFO o.a.j.g.a.t.TemplateManager: Reading templates from: C:\Program Files\Apache JMeter 5.4.3\bin\templates\templates.xml
2022-03-04 18:50:19,428 ERROR o.a.j.g.a.Save: Failed to backup file: C:\Users\felip\Documents\courses\ebac_teste_de_software\Projeto Final\TCC-EBAC\teste-performance\Test Plan - EBACShop.jmx
java.nio.file.AccessDeniedException: C:\Users\felip\Documents\courses\ebac_teste_de_software\Projeto Final\TCC-EBAC\teste-performance\Test Plan - EBACShop.jmx -> C:\Program Files\Apache JMeter 5.4.3\backups\Test Plan - EBACShop-000001.jmx
	at sun.nio.fs.WindowsException.translateToIOException(Unknown Source) ~[?:1.8.0_271]
	at sun.nio.fs.WindowsException.rethrowAsIOException(Unknown Source) ~[?:1.8.0_271]
	at sun.nio.fs.WindowsFileCopy.copy(Unknown Source) ~[?:1.8.0_271]
	at sun.nio.fs.WindowsFileSystemProvider.copy(Unknown Source) ~[?:1.8.0_271]
	at java.nio.file.Files.copy(Unknown Source) ~[?:1.8.0_271]
	at org.apache.commons.io.FileUtils.doCopyFile(FileUtils.java:1392) ~[commons-io-2.8.0.jar:2.8.0]
	at org.apache.commons.io.FileUtils.copyFile(FileUtils.java:885) ~[commons-io-2.8.0.jar:2.8.0]
	at org.apache.commons.io.FileUtils.copyFile(FileUtils.java:835) ~[commons-io-2.8.0.jar:2.8.0]
	at org.apache.commons.io.FileUtils.copyFile(FileUtils.java:802) ~[commons-io-2.8.0.jar:2.8.0]
	at org.apache.jmeter.gui.action.Save.createBackupFile(Save.java:381) ~[ApacheJMeter_core.jar:5.4.3]
	at org.apache.jmeter.gui.action.Save.backupAndSave(Save.java:244) ~[ApacheJMeter_core.jar:5.4.3]
	at org.apache.jmeter.gui.action.Save.doAction(Save.java:173) ~[ApacheJMeter_core.jar:5.4.3]
	at org.apache.jmeter.gui.action.ActionRouter.performAction(ActionRouter.java:87) ~[ApacheJMeter_core.jar:5.4.3]
	at org.apache.jmeter.gui.action.ActionRouter.doActionNow(ActionRouter.java:124) ~[ApacheJMeter_core.jar:5.4.3]
	at org.apache.jmeter.gui.action.Close.performAction(Close.java:88) ~[ApacheJMeter_core.jar:5.4.3]
	at org.apache.jmeter.gui.action.Close.doActionAfterCheck(Close.java:69) ~[ApacheJMeter_core.jar:5.4.3]
	at org.apache.jmeter.gui.action.AbstractActionWithNoRunningTest.doAction(AbstractActionWithNoRunningTest.java:44) ~[ApacheJMeter_core.jar:5.4.3]
	at org.apache.jmeter.gui.action.ActionRouter.performAction(ActionRouter.java:87) ~[ApacheJMeter_core.jar:5.4.3]
	at org.apache.jmeter.gui.action.ActionRouter.lambda$actionPerformed$0(ActionRouter.java:69) ~[ApacheJMeter_core.jar:5.4.3]
	at java.awt.event.InvocationEvent.dispatch(Unknown Source) [?:1.8.0_271]
	at java.awt.EventQueue.dispatchEventImpl(Unknown Source) [?:1.8.0_271]
	at java.awt.EventQueue.access$500(Unknown Source) [?:1.8.0_271]
	at java.awt.EventQueue$3.run(Unknown Source) [?:1.8.0_271]
	at java.awt.EventQueue$3.run(Unknown Source) [?:1.8.0_271]
	at java.security.AccessController.doPrivileged(Native Method) ~[?:1.8.0_271]
	at java.security.ProtectionDomain$JavaSecurityAccessImpl.doIntersectionPrivilege(Unknown Source) [?:1.8.0_271]
	at java.awt.EventQueue.dispatchEvent(Unknown Source) [?:1.8.0_271]
	at java.awt.EventDispatchThread.pumpOneEventForFilters(Unknown Source) [?:1.8.0_271]
	at java.awt.EventDispatchThread.pumpEventsForFilter(Unknown Source) [?:1.8.0_271]
	at java.awt.EventDispatchThread.pumpEventsForHierarchy(Unknown Source) [?:1.8.0_271]
	at java.awt.EventDispatchThread.pumpEvents(Unknown Source) [?:1.8.0_271]
	at java.awt.EventDispatchThread.pumpEvents(Unknown Source) [?:1.8.0_271]
	at java.awt.EventDispatchThread.run(Unknown Source) [?:1.8.0_271]
2022-03-04 18:52:12,119 INFO o.a.j.g.a.Load: Loading file: C:\Users\felip\AppData\Local\Temp\Recording1190744523321420073.output
2022-03-04 18:52:12,119 INFO o.a.j.s.SaveService: Loading file: C:\Users\felip\AppData\Local\Temp\Recording1190744523321420073.output
2022-03-04 18:52:12,133 INFO o.a.j.p.h.c.CookieManager: Settings: Delete null: true Check: true Allow variable: true Save: false Prefix: COOKIE_
2022-03-04 18:52:13,039 INFO o.a.j.e.KeyToolUtils: keytool found at 'keytool'
2022-03-04 18:52:13,040 INFO o.a.j.p.h.p.ProxyControl: HTTP(S) Test Script Recorder SSL Proxy will use keys that support embedded 3rd party resources in file C:\Program Files\Apache JMeter 5.4.3\bin\proxyserver.jks
2022-03-04 19:01:37,303 INFO o.a.j.s.FileServer: Set new base='C:\Users\felip\Documents\courses\ebac_teste_de_software\Projeto Final\TCC-EBAC\teste-performance'
2022-03-04 19:01:37,325 INFO o.a.j.g.a.Load: Loading file: C:\Users\felip\Documents\courses\ebac_teste_de_software\Projeto Final\TCC-EBAC\teste-performance\Test Plan - TCC EBACShop.jmx
2022-03-04 19:01:37,326 INFO o.a.j.s.FileServer: Set new base='C:\Users\felip\Documents\courses\ebac_teste_de_software\Projeto Final\TCC-EBAC\teste-performance'
2022-03-04 19:01:37,326 INFO o.a.j.s.SaveService: Loading file: C:\Users\felip\Documents\courses\ebac_teste_de_software\Projeto Final\TCC-EBAC\teste-performance\Test Plan - TCC EBACShop.jmx
2022-03-04 19:01:37,494 INFO o.a.j.s.FileServer: Set new base='C:\Users\felip\Documents\courses\ebac_teste_de_software\Projeto Final\TCC-EBAC\teste-performance'
2022-03-04 19:01:44,691 INFO o.a.j.g.a.Load: Loading file: C:\Users\felip\Documents\courses\ebac_teste_de_software\Projeto Final\TCC-EBAC\teste-performance\Test Plan - EBACShop.jmx
2022-03-04 19:01:44,691 INFO o.a.j.s.FileServer: Set new base='C:\Users\felip\Documents\courses\ebac_teste_de_software\Projeto Final\TCC-EBAC\teste-performance'
2022-03-04 19:01:44,691 INFO o.a.j.s.SaveService: Loading file: C:\Users\felip\Documents\courses\ebac_teste_de_software\Projeto Final\TCC-EBAC\teste-performance\Test Plan - EBACShop.jmx
2022-03-04 19:01:44,795 INFO o.a.j.s.FileServer: Set new base='C:\Users\felip\Documents\courses\ebac_teste_de_software\Projeto Final\TCC-EBAC\teste-performance'
2022-03-04 19:02:58,632 INFO o.a.j.g.a.Load: Loading file: C:\Users\felip\Documents\courses\ebac_teste_de_software\Projeto Final\TCC-EBAC\teste-performance\Test Plan - TCC EBACShop.jmx
2022-03-04 19:02:58,632 INFO o.a.j.s.FileServer: Set new base='C:\Users\felip\Documents\courses\ebac_teste_de_software\Projeto Final\TCC-EBAC\teste-performance'
2022-03-04 19:02:58,632 INFO o.a.j.s.SaveService: Loading file: C:\Users\felip\Documents\courses\ebac_teste_de_software\Projeto Final\TCC-EBAC\teste-performance\Test Plan - TCC EBACShop.jmx
2022-03-04 19:02:58,796 INFO o.a.j.s.FileServer: Set new base='C:\Users\felip\Documents\courses\ebac_teste_de_software\Projeto Final\TCC-EBAC\teste-performance'
2022-03-04 19:03:48,177 ERROR o.a.j.g.a.Save: Failed to backup file: C:\Users\felip\Documents\courses\ebac_teste_de_software\Projeto Final\TCC-EBAC\teste-performance\Test Plan - TCC EBACShop.jmx
java.nio.file.AccessDeniedException: C:\Users\felip\Documents\courses\ebac_teste_de_software\Projeto Final\TCC-EBAC\teste-performance\Test Plan - TCC EBACShop.jmx -> C:\Program Files\Apache JMeter 5.4.3\backups\Test Plan - TCC EBACShop-000001.jmx
	at sun.nio.fs.WindowsException.translateToIOException(Unknown Source) ~[?:1.8.0_271]
	at sun.nio.fs.WindowsException.rethrowAsIOException(Unknown Source) ~[?:1.8.0_271]
	at sun.nio.fs.WindowsFileCopy.copy(Unknown Source) ~[?:1.8.0_271]
	at sun.nio.fs.WindowsFileSystemProvider.copy(Unknown Source) ~[?:1.8.0_271]
	at java.nio.file.Files.copy(Unknown Source) ~[?:1.8.0_271]
	at org.apache.commons.io.FileUtils.doCopyFile(FileUtils.java:1392) ~[commons-io-2.8.0.jar:2.8.0]
	at org.apache.commons.io.FileUtils.copyFile(FileUtils.java:885) ~[commons-io-2.8.0.jar:2.8.0]
	at org.apache.commons.io.FileUtils.copyFile(FileUtils.java:835) ~[commons-io-2.8.0.jar:2.8.0]
	at org.apache.commons.io.FileUtils.copyFile(FileUtils.java:802) ~[commons-io-2.8.0.jar:2.8.0]
	at org.apache.jmeter.gui.action.Save.createBackupFile(Save.java:381) ~[ApacheJMeter_core.jar:5.4.3]
	at org.apache.jmeter.gui.action.Save.backupAndSave(Save.java:244) ~[ApacheJMeter_core.jar:5.4.3]
	at org.apache.jmeter.gui.action.Save.doAction(Save.java:173) ~[ApacheJMeter_core.jar:5.4.3]
	at org.apache.jmeter.gui.action.ActionRouter.performAction(ActionRouter.java:87) ~[ApacheJMeter_core.jar:5.4.3]
	at org.apache.jmeter.gui.action.ActionRouter.lambda$actionPerformed$0(ActionRouter.java:69) ~[ApacheJMeter_core.jar:5.4.3]
	at java.awt.event.InvocationEvent.dispatch(Unknown Source) [?:1.8.0_271]
	at java.awt.EventQueue.dispatchEventImpl(Unknown Source) [?:1.8.0_271]
	at java.awt.EventQueue.access$500(Unknown Source) [?:1.8.0_271]
	at java.awt.EventQueue$3.run(Unknown Source) [?:1.8.0_271]
	at java.awt.EventQueue$3.run(Unknown Source) [?:1.8.0_271]
	at java.security.AccessController.doPrivileged(Native Method) ~[?:1.8.0_271]
	at java.security.ProtectionDomain$JavaSecurityAccessImpl.doIntersectionPrivilege(Unknown Source) [?:1.8.0_271]
	at java.awt.EventQueue.dispatchEvent(Unknown Source) [?:1.8.0_271]
	at java.awt.EventDispatchThread.pumpOneEventForFilters(Unknown Source) [?:1.8.0_271]
	at java.awt.EventDispatchThread.pumpEventsForFilter(Unknown Source) [?:1.8.0_271]
	at java.awt.EventDispatchThread.pumpEventsForHierarchy(Unknown Source) [?:1.8.0_271]
	at java.awt.EventDispatchThread.pumpEvents(Unknown Source) [?:1.8.0_271]
	at java.awt.EventDispatchThread.pumpEvents(Unknown Source) [?:1.8.0_271]
	at java.awt.EventDispatchThread.run(Unknown Source) [?:1.8.0_271]
2022-03-04 19:04:05,321 INFO o.a.j.g.a.Load: Loading file: C:\Users\felip\Documents\courses\ebac_teste_de_software\Projeto Final\TCC-EBAC\teste-performance\Test Plan - EBACShop.jmx
2022-03-04 19:04:05,321 INFO o.a.j.s.FileServer: Set new base='C:\Users\felip\Documents\courses\ebac_teste_de_software\Projeto Final\TCC-EBAC\teste-performance'
2022-03-04 19:04:05,321 INFO o.a.j.s.SaveService: Loading file: C:\Users\felip\Documents\courses\ebac_teste_de_software\Projeto Final\TCC-EBAC\teste-performance\Test Plan - EBACShop.jmx
2022-03-04 19:04:05,421 INFO o.a.j.s.FileServer: Set new base='C:\Users\felip\Documents\courses\ebac_teste_de_software\Projeto Final\TCC-EBAC\teste-performance'
2022-03-04 19:06:34,530 ERROR o.a.j.g.a.Save: Failed to backup file: C:\Users\felip\Documents\courses\ebac_teste_de_software\Projeto Final\TCC-EBAC\teste-performance\Test Plan - EBACShop.jmx
java.nio.file.AccessDeniedException: C:\Users\felip\Documents\courses\ebac_teste_de_software\Projeto Final\TCC-EBAC\teste-performance\Test Plan - EBACShop.jmx -> C:\Program Files\Apache JMeter 5.4.3\backups\Test Plan - EBACShop-000001.jmx
	at sun.nio.fs.WindowsException.translateToIOException(Unknown Source) ~[?:1.8.0_271]
	at sun.nio.fs.WindowsException.rethrowAsIOException(Unknown Source) ~[?:1.8.0_271]
	at sun.nio.fs.WindowsFileCopy.copy(Unknown Source) ~[?:1.8.0_271]
	at sun.nio.fs.WindowsFileSystemProvider.copy(Unknown Source) ~[?:1.8.0_271]
	at java.nio.file.Files.copy(Unknown Source) ~[?:1.8.0_271]
	at org.apache.commons.io.FileUtils.doCopyFile(FileUtils.java:1392) ~[commons-io-2.8.0.jar:2.8.0]
	at org.apache.commons.io.FileUtils.copyFile(FileUtils.java:885) ~[commons-io-2.8.0.jar:2.8.0]
	at org.apache.commons.io.FileUtils.copyFile(FileUtils.java:835) ~[commons-io-2.8.0.jar:2.8.0]
	at org.apache.commons.io.FileUtils.copyFile(FileUtils.java:802) ~[commons-io-2.8.0.jar:2.8.0]
	at org.apache.jmeter.gui.action.Save.createBackupFile(Save.java:381) ~[ApacheJMeter_core.jar:5.4.3]
	at org.apache.jmeter.gui.action.Save.backupAndSave(Save.java:244) ~[ApacheJMeter_core.jar:5.4.3]
	at org.apache.jmeter.gui.action.Save.doAction(Save.java:173) ~[ApacheJMeter_core.jar:5.4.3]
	at org.apache.jmeter.gui.action.ActionRouter.performAction(ActionRouter.java:87) ~[ApacheJMeter_core.jar:5.4.3]
	at org.apache.jmeter.gui.action.ActionRouter.lambda$actionPerformed$0(ActionRouter.java:69) ~[ApacheJMeter_core.jar:5.4.3]
	at java.awt.event.InvocationEvent.dispatch(Unknown Source) [?:1.8.0_271]
	at java.awt.EventQueue.dispatchEventImpl(Unknown Source) [?:1.8.0_271]
	at java.awt.EventQueue.access$500(Unknown Source) [?:1.8.0_271]
	at java.awt.EventQueue$3.run(Unknown Source) [?:1.8.0_271]
	at java.awt.EventQueue$3.run(Unknown Source) [?:1.8.0_271]
	at java.security.AccessController.doPrivileged(Native Method) ~[?:1.8.0_271]
	at java.security.ProtectionDomain$JavaSecurityAccessImpl.doIntersectionPrivilege(Unknown Source) [?:1.8.0_271]
	at java.awt.EventQueue.dispatchEvent(Unknown Source) [?:1.8.0_271]
	at java.awt.EventDispatchThread.pumpOneEventForFilters(Unknown Source) [?:1.8.0_271]
	at java.awt.EventDispatchThread.pumpEventsForFilter(Unknown Source) [?:1.8.0_271]
	at java.awt.EventDispatchThread.pumpEventsForHierarchy(Unknown Source) [?:1.8.0_271]
	at java.awt.EventDispatchThread.pumpEvents(Unknown Source) [?:1.8.0_271]
	at java.awt.EventDispatchThread.pumpEvents(Unknown Source) [?:1.8.0_271]
	at java.awt.EventDispatchThread.run(Unknown Source) [?:1.8.0_271]
2022-03-04 19:06:57,180 ERROR o.a.j.g.a.Save: Failed to backup file: C:\Users\felip\Documents\courses\ebac_teste_de_software\Projeto Final\TCC-EBAC\teste-performance\Test Plan - EBACShop.jmx
java.nio.file.AccessDeniedException: C:\Users\felip\Documents\courses\ebac_teste_de_software\Projeto Final\TCC-EBAC\teste-performance\Test Plan - EBACShop.jmx -> C:\Program Files\Apache JMeter 5.4.3\backups\Test Plan - EBACShop-000001.jmx
	at sun.nio.fs.WindowsException.translateToIOException(Unknown Source) ~[?:1.8.0_271]
	at sun.nio.fs.WindowsException.rethrowAsIOException(Unknown Source) ~[?:1.8.0_271]
	at sun.nio.fs.WindowsFileCopy.copy(Unknown Source) ~[?:1.8.0_271]
	at sun.nio.fs.WindowsFileSystemProvider.copy(Unknown Source) ~[?:1.8.0_271]
	at java.nio.file.Files.copy(Unknown Source) ~[?:1.8.0_271]
	at org.apache.commons.io.FileUtils.doCopyFile(FileUtils.java:1392) ~[commons-io-2.8.0.jar:2.8.0]
	at org.apache.commons.io.FileUtils.copyFile(FileUtils.java:885) ~[commons-io-2.8.0.jar:2.8.0]
	at org.apache.commons.io.FileUtils.copyFile(FileUtils.java:835) ~[commons-io-2.8.0.jar:2.8.0]
	at org.apache.commons.io.FileUtils.copyFile(FileUtils.java:802) ~[commons-io-2.8.0.jar:2.8.0]
	at org.apache.jmeter.gui.action.Save.createBackupFile(Save.java:381) ~[ApacheJMeter_core.jar:5.4.3]
	at org.apache.jmeter.gui.action.Save.backupAndSave(Save.java:244) ~[ApacheJMeter_core.jar:5.4.3]
	at org.apache.jmeter.gui.action.Save.doAction(Save.java:173) ~[ApacheJMeter_core.jar:5.4.3]
	at org.apache.jmeter.gui.action.ActionRouter.performAction(ActionRouter.java:87) ~[ApacheJMeter_core.jar:5.4.3]
	at org.apache.jmeter.gui.action.ActionRouter.lambda$actionPerformed$0(ActionRouter.java:69) ~[ApacheJMeter_core.jar:5.4.3]
	at java.awt.event.InvocationEvent.dispatch(Unknown Source) [?:1.8.0_271]
	at java.awt.EventQueue.dispatchEventImpl(Unknown Source) [?:1.8.0_271]
	at java.awt.EventQueue.access$500(Unknown Source) [?:1.8.0_271]
	at java.awt.EventQueue$3.run(Unknown Source) [?:1.8.0_271]
	at java.awt.EventQueue$3.run(Unknown Source) [?:1.8.0_271]
	at java.security.AccessController.doPrivileged(Native Method) ~[?:1.8.0_271]
	at java.security.ProtectionDomain$JavaSecurityAccessImpl.doIntersectionPrivilege(Unknown Source) [?:1.8.0_271]
	at java.awt.EventQueue.dispatchEvent(Unknown Source) [?:1.8.0_271]
	at java.awt.EventDispatchThread.pumpOneEventForFilters(Unknown Source) [?:1.8.0_271]
	at java.awt.EventDispatchThread.pumpEventsForFilter(Unknown Source) [?:1.8.0_271]
	at java.awt.EventDispatchThread.pumpEventsForHierarchy(Unknown Source) [?:1.8.0_271]
	at java.awt.EventDispatchThread.pumpEvents(Unknown Source) [?:1.8.0_271]
	at java.awt.EventDispatchThread.pumpEvents(Unknown Source) [?:1.8.0_271]
	at java.awt.EventDispatchThread.run(Unknown Source) [?:1.8.0_271]
2022-03-04 19:07:01,247 INFO o.a.j.g.a.Load: Loading file: C:\Users\felip\Documents\courses\ebac_teste_de_software\Projeto Final\TCC-EBAC\teste-performance\Test Plan - EBACShop.jmx
2022-03-04 19:07:01,247 INFO o.a.j.s.FileServer: Set new base='C:\Users\felip\Documents\courses\ebac_teste_de_software\Projeto Final\TCC-EBAC\teste-performance'
2022-03-04 19:07:01,247 INFO o.a.j.s.SaveService: Loading file: C:\Users\felip\Documents\courses\ebac_teste_de_software\Projeto Final\TCC-EBAC\teste-performance\Test Plan - EBACShop.jmx
2022-03-04 19:07:01,349 INFO o.a.j.s.FileServer: Set new base='C:\Users\felip\Documents\courses\ebac_teste_de_software\Projeto Final\TCC-EBAC\teste-performance'
2022-03-04 19:07:05,490 INFO o.a.j.g.a.Load: Loading file: C:\Users\felip\Documents\courses\ebac_teste_de_software\Projeto Final\TCC-EBAC\teste-performance\Test Plan - TCC EBACShop.jmx
2022-03-04 19:07:05,490 INFO o.a.j.s.FileServer: Set new base='C:\Users\felip\Documents\courses\ebac_teste_de_software\Projeto Final\TCC-EBAC\teste-performance'
2022-03-04 19:07:05,490 INFO o.a.j.s.SaveService: Loading file: C:\Users\felip\Documents\courses\ebac_teste_de_software\Projeto Final\TCC-EBAC\teste-performance\Test Plan - TCC EBACShop.jmx
2022-03-04 19:07:05,696 INFO o.a.j.s.FileServer: Set new base='C:\Users\felip\Documents\courses\ebac_teste_de_software\Projeto Final\TCC-EBAC\teste-performance'
2022-03-04 19:07:22,656 INFO o.a.j.g.a.Load: Loading file: C:\Users\felip\Documents\courses\ebac_teste_de_software\Projeto Final\TCC-EBAC\teste-performance\Test Plan - EBACShop.jmx
2022-03-04 19:07:22,656 INFO o.a.j.s.FileServer: Set new base='C:\Users\felip\Documents\courses\ebac_teste_de_software\Projeto Final\TCC-EBAC\teste-performance'
2022-03-04 19:07:22,656 INFO o.a.j.s.SaveService: Loading file: C:\Users\felip\Documents\courses\ebac_teste_de_software\Projeto Final\TCC-EBAC\teste-performance\Test Plan - EBACShop.jmx
2022-03-04 19:07:22,780 INFO o.a.j.s.FileServer: Set new base='C:\Users\felip\Documents\courses\ebac_teste_de_software\Projeto Final\TCC-EBAC\teste-performance'
2022-03-04 19:07:41,784 INFO o.a.j.g.a.Load: Loading file: C:\Users\felip\Documents\courses\ebac_teste_de_software\Projeto Final\TCC-EBAC\teste-performance\Test Plan - TCC EBACShop.jmx
2022-03-04 19:07:41,784 INFO o.a.j.s.FileServer: Set new base='C:\Users\felip\Documents\courses\ebac_teste_de_software\Projeto Final\TCC-EBAC\teste-performance'
2022-03-04 19:07:41,784 INFO o.a.j.s.SaveService: Loading file: C:\Users\felip\Documents\courses\ebac_teste_de_software\Projeto Final\TCC-EBAC\teste-performance\Test Plan - TCC EBACShop.jmx
2022-03-04 19:07:41,993 INFO o.a.j.s.FileServer: Set new base='C:\Users\felip\Documents\courses\ebac_teste_de_software\Projeto Final\TCC-EBAC\teste-performance'
2022-03-04 19:07:56,933 ERROR o.a.j.g.a.Save: Failed to backup file: C:\Users\felip\Documents\courses\ebac_teste_de_software\Projeto Final\TCC-EBAC\teste-performance\Test Plan - TCC EBACShop.jmx
java.nio.file.AccessDeniedException: C:\Users\felip\Documents\courses\ebac_teste_de_software\Projeto Final\TCC-EBAC\teste-performance\Test Plan - TCC EBACShop.jmx -> C:\Program Files\Apache JMeter 5.4.3\backups\Test Plan - TCC EBACShop-000001.jmx
	at sun.nio.fs.WindowsException.translateToIOException(Unknown Source) ~[?:1.8.0_271]
	at sun.nio.fs.WindowsException.rethrowAsIOException(Unknown Source) ~[?:1.8.0_271]
	at sun.nio.fs.WindowsFileCopy.copy(Unknown Source) ~[?:1.8.0_271]
	at sun.nio.fs.WindowsFileSystemProvider.copy(Unknown Source) ~[?:1.8.0_271]
	at java.nio.file.Files.copy(Unknown Source) ~[?:1.8.0_271]
	at org.apache.commons.io.FileUtils.doCopyFile(FileUtils.java:1392) ~[commons-io-2.8.0.jar:2.8.0]
	at org.apache.commons.io.FileUtils.copyFile(FileUtils.java:885) ~[commons-io-2.8.0.jar:2.8.0]
	at org.apache.commons.io.FileUtils.copyFile(FileUtils.java:835) ~[commons-io-2.8.0.jar:2.8.0]
	at org.apache.commons.io.FileUtils.copyFile(FileUtils.java:802) ~[commons-io-2.8.0.jar:2.8.0]
	at org.apache.jmeter.gui.action.Save.createBackupFile(Save.java:381) ~[ApacheJMeter_core.jar:5.4.3]
	at org.apache.jmeter.gui.action.Save.backupAndSave(Save.java:244) ~[ApacheJMeter_core.jar:5.4.3]
	at org.apache.jmeter.gui.action.Save.doAction(Save.java:173) ~[ApacheJMeter_core.jar:5.4.3]
	at org.apache.jmeter.gui.action.ActionRouter.performAction(ActionRouter.java:87) ~[ApacheJMeter_core.jar:5.4.3]
	at org.apache.jmeter.gui.action.ActionRouter.lambda$actionPerformed$0(ActionRouter.java:69) ~[ApacheJMeter_core.jar:5.4.3]
	at java.awt.event.InvocationEvent.dispatch(Unknown Source) [?:1.8.0_271]
	at java.awt.EventQueue.dispatchEventImpl(Unknown Source) [?:1.8.0_271]
	at java.awt.EventQueue.access$500(Unknown Source) [?:1.8.0_271]
	at java.awt.EventQueue$3.run(Unknown Source) [?:1.8.0_271]
	at java.awt.EventQueue$3.run(Unknown Source) [?:1.8.0_271]
	at java.security.AccessController.doPrivileged(Native Method) ~[?:1.8.0_271]
	at java.security.ProtectionDomain$JavaSecurityAccessImpl.doIntersectionPrivilege(Unknown Source) [?:1.8.0_271]
	at java.awt.EventQueue.dispatchEvent(Unknown Source) [?:1.8.0_271]
	at java.awt.EventDispatchThread.pumpOneEventForFilters(Unknown Source) [?:1.8.0_271]
	at java.awt.EventDispatchThread.pumpEventsForFilter(Unknown Source) [?:1.8.0_271]
	at java.awt.EventDispatchThread.pumpEventsForHierarchy(Unknown Source) [?:1.8.0_271]
	at java.awt.EventDispatchThread.pumpEvents(Unknown Source) [?:1.8.0_271]
	at java.awt.EventDispatchThread.pumpEvents(Unknown Source) [?:1.8.0_271]
	at java.awt.EventDispatchThread.run(Unknown Source) [?:1.8.0_271]
2022-03-04 19:08:08,612 ERROR o.a.j.g.a.Save: Failed to backup file: C:\Users\felip\Documents\courses\ebac_teste_de_software\Projeto Final\TCC-EBAC\teste-performance\Test Plan - TCC EBACShop.jmx
java.nio.file.AccessDeniedException: C:\Users\felip\Documents\courses\ebac_teste_de_software\Projeto Final\TCC-EBAC\teste-performance\Test Plan - TCC EBACShop.jmx -> C:\Program Files\Apache JMeter 5.4.3\backups\Test Plan - TCC EBACShop-000001.jmx
	at sun.nio.fs.WindowsException.translateToIOException(Unknown Source) ~[?:1.8.0_271]
	at sun.nio.fs.WindowsException.rethrowAsIOException(Unknown Source) ~[?:1.8.0_271]
	at sun.nio.fs.WindowsFileCopy.copy(Unknown Source) ~[?:1.8.0_271]
	at sun.nio.fs.WindowsFileSystemProvider.copy(Unknown Source) ~[?:1.8.0_271]
	at java.nio.file.Files.copy(Unknown Source) ~[?:1.8.0_271]
	at org.apache.commons.io.FileUtils.doCopyFile(FileUtils.java:1392) ~[commons-io-2.8.0.jar:2.8.0]
	at org.apache.commons.io.FileUtils.copyFile(FileUtils.java:885) ~[commons-io-2.8.0.jar:2.8.0]
	at org.apache.commons.io.FileUtils.copyFile(FileUtils.java:835) ~[commons-io-2.8.0.jar:2.8.0]
	at org.apache.commons.io.FileUtils.copyFile(FileUtils.java:802) ~[commons-io-2.8.0.jar:2.8.0]
	at org.apache.jmeter.gui.action.Save.createBackupFile(Save.java:381) ~[ApacheJMeter_core.jar:5.4.3]
	at org.apache.jmeter.gui.action.Save.backupAndSave(Save.java:244) ~[ApacheJMeter_core.jar:5.4.3]
	at org.apache.jmeter.gui.action.Save.doAction(Save.java:173) ~[ApacheJMeter_core.jar:5.4.3]
	at org.apache.jmeter.gui.action.ActionRouter.performAction(ActionRouter.java:87) ~[ApacheJMeter_core.jar:5.4.3]
	at org.apache.jmeter.gui.action.ActionRouter.lambda$actionPerformed$0(ActionRouter.java:69) ~[ApacheJMeter_core.jar:5.4.3]
	at java.awt.event.InvocationEvent.dispatch(Unknown Source) [?:1.8.0_271]
	at java.awt.EventQueue.dispatchEventImpl(Unknown Source) [?:1.8.0_271]
	at java.awt.EventQueue.access$500(Unknown Source) [?:1.8.0_271]
	at java.awt.EventQueue$3.run(Unknown Source) [?:1.8.0_271]
	at java.awt.EventQueue$3.run(Unknown Source) [?:1.8.0_271]
	at java.security.AccessController.doPrivileged(Native Method) ~[?:1.8.0_271]
	at java.security.ProtectionDomain$JavaSecurityAccessImpl.doIntersectionPrivilege(Unknown Source) [?:1.8.0_271]
	at java.awt.EventQueue.dispatchEvent(Unknown Source) [?:1.8.0_271]
	at java.awt.EventDispatchThread.pumpOneEventForFilters(Unknown Source) [?:1.8.0_271]
	at java.awt.EventDispatchThread.pumpEventsForFilter(Unknown Source) [?:1.8.0_271]
	at java.awt.EventDispatchThread.pumpEventsForHierarchy(Unknown Source) [?:1.8.0_271]
	at java.awt.EventDispatchThread.pumpEvents(Unknown Source) [?:1.8.0_271]
	at java.awt.EventDispatchThread.pumpEvents(Unknown Source) [?:1.8.0_271]
	at java.awt.EventDispatchThread.run(Unknown Source) [?:1.8.0_271]
2022-03-04 19:08:54,959 ERROR o.a.j.g.a.Save: Failed to backup file: C:\Users\felip\Documents\courses\ebac_teste_de_software\Projeto Final\TCC-EBAC\teste-performance\Test Plan - TCC EBACShop.jmx
java.nio.file.AccessDeniedException: C:\Users\felip\Documents\courses\ebac_teste_de_software\Projeto Final\TCC-EBAC\teste-performance\Test Plan - TCC EBACShop.jmx -> C:\Program Files\Apache JMeter 5.4.3\backups\Test Plan - TCC EBACShop-000001.jmx
	at sun.nio.fs.WindowsException.translateToIOException(Unknown Source) ~[?:1.8.0_271]
	at sun.nio.fs.WindowsException.rethrowAsIOException(Unknown Source) ~[?:1.8.0_271]
	at sun.nio.fs.WindowsFileCopy.copy(Unknown Source) ~[?:1.8.0_271]
	at sun.nio.fs.WindowsFileSystemProvider.copy(Unknown Source) ~[?:1.8.0_271]
	at java.nio.file.Files.copy(Unknown Source) ~[?:1.8.0_271]
	at org.apache.commons.io.FileUtils.doCopyFile(FileUtils.java:1392) ~[commons-io-2.8.0.jar:2.8.0]
	at org.apache.commons.io.FileUtils.copyFile(FileUtils.java:885) ~[commons-io-2.8.0.jar:2.8.0]
	at org.apache.commons.io.FileUtils.copyFile(FileUtils.java:835) ~[commons-io-2.8.0.jar:2.8.0]
	at org.apache.commons.io.FileUtils.copyFile(FileUtils.java:802) ~[commons-io-2.8.0.jar:2.8.0]
	at org.apache.jmeter.gui.action.Save.createBackupFile(Save.java:381) ~[ApacheJMeter_core.jar:5.4.3]
	at org.apache.jmeter.gui.action.Save.backupAndSave(Save.java:244) ~[ApacheJMeter_core.jar:5.4.3]
	at org.apache.jmeter.gui.action.Save.doAction(Save.java:173) ~[ApacheJMeter_core.jar:5.4.3]
	at org.apache.jmeter.gui.action.ActionRouter.performAction(ActionRouter.java:87) ~[ApacheJMeter_core.jar:5.4.3]
	at org.apache.jmeter.gui.action.ActionRouter.lambda$actionPerformed$0(ActionRouter.java:69) ~[ApacheJMeter_core.jar:5.4.3]
	at java.awt.event.InvocationEvent.dispatch(Unknown Source) [?:1.8.0_271]
	at java.awt.EventQueue.dispatchEventImpl(Unknown Source) [?:1.8.0_271]
	at java.awt.EventQueue.access$500(Unknown Source) [?:1.8.0_271]
	at java.awt.EventQueue$3.run(Unknown Source) [?:1.8.0_271]
	at java.awt.EventQueue$3.run(Unknown Source) [?:1.8.0_271]
	at java.security.AccessController.doPrivileged(Native Method) ~[?:1.8.0_271]
	at java.security.ProtectionDomain$JavaSecurityAccessImpl.doIntersectionPrivilege(Unknown Source) [?:1.8.0_271]
	at java.awt.EventQueue.dispatchEvent(Unknown Source) [?:1.8.0_271]
	at java.awt.EventDispatchThread.pumpOneEventForFilters(Unknown Source) [?:1.8.0_271]
	at java.awt.EventDispatchThread.pumpEventsForFilter(Unknown Source) [?:1.8.0_271]
	at java.awt.EventDispatchThread.pumpEventsForHierarchy(Unknown Source) [?:1.8.0_271]
	at java.awt.EventDispatchThread.pumpEvents(Unknown Source) [?:1.8.0_271]
	at java.awt.EventDispatchThread.pumpEvents(Unknown Source) [?:1.8.0_271]
	at java.awt.EventDispatchThread.run(Unknown Source) [?:1.8.0_271]
2022-03-04 19:14:38,382 INFO o.a.j.e.u.CompoundVariable: Note: Function class names must contain the string: '.functions.'
2022-03-04 19:14:38,383 INFO o.a.j.e.u.CompoundVariable: Note: Function class names must not contain the string: '.gui.'
2022-03-04 19:14:38,845 INFO o.a.j.p.h.p.ProxyControl: Creating HTTP(S) Test Script Recorder Root CA in C:\Program Files\Apache JMeter 5.4.3\bin\proxyserver.jks, ensure you install certificate in your Browser for recording
2022-03-04 19:14:39,816 ERROR o.a.j.p.h.p.ProxyControl: Could not initialise key store
java.io.IOException:   >> erro de keytool: java.io.FileNotFoundException: proxyserver.jks (Acesso negado) <<
Command failed, code: 1
'keytool -genkeypair -alias :root_ca: -dname "CN=_ JMeter Root CA for recording (INSTALL ONLY IF IT S YOURS), OU=Username: felip, C=BR" -keyalg RSA -keystore proxyserver.jks -storepass {redacted} -keypass {redacted} -validity 7 -ext bc:c'
	at org.apache.jorphan.exec.KeyToolUtils.genkeypair(KeyToolUtils.java:173) ~[jorphan.jar:5.4.3]
	at org.apache.jorphan.exec.KeyToolUtils.generateProxyCA(KeyToolUtils.java:241) ~[jorphan.jar:5.4.3]
	at org.apache.jmeter.protocol.http.proxy.ProxyControl.initDynamicKeyStore(ProxyControl.java:1575) ~[ApacheJMeter_http.jar:5.4.3]
	at org.apache.jmeter.protocol.http.proxy.ProxyControl.initKeyStore(ProxyControl.java:1480) ~[ApacheJMeter_http.jar:5.4.3]
	at org.apache.jmeter.protocol.http.proxy.ProxyControl.startProxy(ProxyControl.java:523) [ApacheJMeter_http.jar:5.4.3]
	at org.apache.jmeter.protocol.http.proxy.gui.ProxyControlGui.startProxy(ProxyControlGui.java:623) [ApacheJMeter_http.jar:5.4.3]
	at org.apache.jmeter.protocol.http.proxy.gui.ProxyControlGui.actionPerformed(ProxyControlGui.java:463) [ApacheJMeter_http.jar:5.4.3]
	at javax.swing.AbstractButton.fireActionPerformed(Unknown Source) [?:1.8.0_271]
	at javax.swing.AbstractButton$Handler.actionPerformed(Unknown Source) [?:1.8.0_271]
	at javax.swing.DefaultButtonModel.fireActionPerformed(Unknown Source) [?:1.8.0_271]
	at javax.swing.DefaultButtonModel.setPressed(Unknown Source) [?:1.8.0_271]
	at javax.swing.plaf.basic.BasicButtonListener.mouseReleased(Unknown Source) [?:1.8.0_271]
	at com.github.weisj.darklaf.ui.button.DarkButtonListener.mouseReleased(DarkButtonListener.java:72) [darklaf-core-2.5.4.jar:2.5.4]
	at java.awt.Component.processMouseEvent(Unknown Source) [?:1.8.0_271]
	at javax.swing.JComponent.processMouseEvent(Unknown Source) [?:1.8.0_271]
	at java.awt.Component.processEvent(Unknown Source) [?:1.8.0_271]
	at java.awt.Container.processEvent(Unknown Source) [?:1.8.0_271]
	at java.awt.Component.dispatchEventImpl(Unknown Source) [?:1.8.0_271]
	at java.awt.Container.dispatchEventImpl(Unknown Source) [?:1.8.0_271]
	at java.awt.Component.dispatchEvent(Unknown Source) [?:1.8.0_271]
	at java.awt.LightweightDispatcher.retargetMouseEvent(Unknown Source) [?:1.8.0_271]
	at java.awt.LightweightDispatcher.processMouseEvent(Unknown Source) [?:1.8.0_271]
	at java.awt.LightweightDispatcher.dispatchEvent(Unknown Source) [?:1.8.0_271]
	at java.awt.Container.dispatchEventImpl(Unknown Source) [?:1.8.0_271]
	at java.awt.Window.dispatchEventImpl(Unknown Source) [?:1.8.0_271]
	at java.awt.Component.dispatchEvent(Unknown Source) [?:1.8.0_271]
	at java.awt.EventQueue.dispatchEventImpl(Unknown Source) [?:1.8.0_271]
	at java.awt.EventQueue.access$500(Unknown Source) [?:1.8.0_271]
	at java.awt.EventQueue$3.run(Unknown Source) [?:1.8.0_271]
	at java.awt.EventQueue$3.run(Unknown Source) [?:1.8.0_271]
	at java.security.AccessController.doPrivileged(Native Method) ~[?:1.8.0_271]
	at java.security.ProtectionDomain$JavaSecurityAccessImpl.doIntersectionPrivilege(Unknown Source) [?:1.8.0_271]
	at java.security.ProtectionDomain$JavaSecurityAccessImpl.doIntersectionPrivilege(Unknown Source) [?:1.8.0_271]
	at java.awt.EventQueue$4.run(Unknown Source) [?:1.8.0_271]
	at java.awt.EventQueue$4.run(Unknown Source) [?:1.8.0_271]
	at java.security.AccessController.doPrivileged(Native Method) ~[?:1.8.0_271]
	at java.security.ProtectionDomain$JavaSecurityAccessImpl.doIntersectionPrivilege(Unknown Source) [?:1.8.0_271]
	at java.awt.EventQueue.dispatchEvent(Unknown Source) [?:1.8.0_271]
	at java.awt.EventDispatchThread.pumpOneEventForFilters(Unknown Source) [?:1.8.0_271]
	at java.awt.EventDispatchThread.pumpEventsForFilter(Unknown Source) [?:1.8.0_271]
	at java.awt.EventDispatchThread.pumpEventsForHierarchy(Unknown Source) [?:1.8.0_271]
	at java.awt.EventDispatchThread.pumpEvents(Unknown Source) [?:1.8.0_271]
	at java.awt.EventDispatchThread.pumpEvents(Unknown Source) [?:1.8.0_271]
	at java.awt.EventDispatchThread.run(Unknown Source) [?:1.8.0_271]
